<?xml version="1.0" encoding="UTF-8"?>
<testsuite xmlns:xsi="http://www.w3.org/2001/XMLSchema-instance" xsi:noNamespaceSchemaLocation="https://maven.apache.org/surefire/maven-surefire-plugin/xsd/surefire-test-report.xsd" name="src.RegistrationUserTest" time="18.788" tests="4" errors="1" skipped="0" failures="0">
  <properties>
[...]
</properties>
  <testcase name="testRegistrationChrome" classname="src.RegistrationUserTest" time="4.547"/>
  <testcase name="nonTestRegistrationChrome" classname="src.RegistrationUserTest" time="2.546"/>
  <testcase name="testRegistrationYandex" classname="src.RegistrationUserTest" time="6.483">
    <error message="Element &lt;a class=&quot;AppHeader_header__link__3D_hX&quot; href=&quot;/account&quot;&gt; is not clickable at point (1176,44) because another element &lt;div class=&quot;Modal_modal_overlay__x2ZCr&quot;&gt; obscures it&#10;Build info: version: &apos;4.27.0&apos;, revision: &apos;d6e718d134&apos;&#10;System info: os.name: &apos;Linux&apos;, os.arch: &apos;amd64&apos;, os.version: &apos;6.7.12-x64v4-xanmod1&apos;, java.version: &apos;11.0.25&apos;&#10;Driver info: org.openqa.selenium.firefox.FirefoxDriver&#10;Command: [2dff0a14-e457-4c7b-bad7-0d8724e03d8d, clickElement {id=874801dd-1d8f-4ec2-a84d-d99e112d8c24}]&#10;Capabilities {acceptInsecureCerts: true, browserName: firefox, browserVersion: 132.0.1, moz:accessibilityChecks: false, moz:buildID: 20241103194048, moz:debuggerAddress: 127.0.0.1:5241, moz:geckodriverVersion: 0.35.0, moz:headless: false, moz:platformVersion: 6.7.12-x64v4-xanmod1, moz:processID: 45935, moz:profile: /tmp/rust_mozprofileiCGFSH, moz:shutdownTimeout: 60000, moz:webdriverClick: true, moz:windowless: false, pageLoadStrategy: normal, platformName: linux, proxy: Proxy(), se:cdp: ws://127.0.0.1:5241/devtool..., se:cdpVersion: 85.0, setWindowRect: true, strictFileInteractability: false, timeouts: {implicit: 0, pageLoad: 300000, script: 30000}, unhandledPromptBehavior: dismiss and notify, userAgent: Mozilla/5.0 (X11; Linux x86...}&#10;Element: [[FirefoxDriver: firefox on linux (2dff0a14-e457-4c7b-bad7-0d8724e03d8d)] -&gt; xpath: //a[@class=&apos;AppHeader_header__link__3D_hX&apos; and @href=&apos;/account&apos;]]&#10;Session ID: 2dff0a14-e457-4c7b-bad7-0d8724e03d8d" type="org.openqa.selenium.ElementClickInterceptedException"><![CDATA[org.openqa.selenium.ElementClickInterceptedException: 
Element <a class="AppHeader_header__link__3D_hX" href="/account"> is not clickable at point (1176,44) because another element <div class="Modal_modal_overlay__x2ZCr"> obscures it
Build info: version: '4.27.0', revision: 'd6e718d134'
System info: os.name: 'Linux', os.arch: 'amd64', os.version: '6.7.12-x64v4-xanmod1', java.version: '11.0.25'
Driver info: org.openqa.selenium.firefox.FirefoxDriver
Command: [2dff0a14-e457-4c7b-bad7-0d8724e03d8d, clickElement {id=874801dd-1d8f-4ec2-a84d-d99e112d8c24}]
Capabilities {acceptInsecureCerts: true, browserName: firefox, browserVersion: 132.0.1, moz:accessibilityChecks: false, moz:buildID: 20241103194048, moz:debuggerAddress: 127.0.0.1:5241, moz:geckodriverVersion: 0.35.0, moz:headless: false, moz:platformVersion: 6.7.12-x64v4-xanmod1, moz:processID: 45935, moz:profile: /tmp/rust_mozprofileiCGFSH, moz:shutdownTimeout: 60000, moz:webdriverClick: true, moz:windowless: false, pageLoadStrategy: normal, platformName: linux, proxy: Proxy(), se:cdp: ws://127.0.0.1:5241/devtool..., se:cdpVersion: 85.0, setWindowRect: true, strictFileInteractability: false, timeouts: {implicit: 0, pageLoad: 300000, script: 30000}, unhandledPromptBehavior: dismiss and notify, userAgent: Mozilla/5.0 (X11; Linux x86...}
Element: [[FirefoxDriver: firefox on linux (2dff0a14-e457-4c7b-bad7-0d8724e03d8d)] -> xpath: //a[@class='AppHeader_header__link__3D_hX' and @href='/account']]
Session ID: 2dff0a14-e457-4c7b-bad7-0d8724e03d8d
	at src.RegistrationUserTest.testRegistrationYandex(RegistrationUserTest.java:102)
]]></error>
    <system-err><![CDATA[дек. 14, 2024 5:31:06 PM org.openqa.selenium.firefox.FirefoxDriver <init>
WARNING: CDP support for Firefox is deprecated and will be removed in future versions. Please switch to WebDriver BiDi.
]]></system-err>
  </testcase>
  <testcase name="nonTestRegistrationYandex" classname="src.RegistrationUserTest" time="5.205"/>
</testsuite>